2020-11-19 18:22:37 INFO  Log:11 - =====================================budgetdashboardtest TEST START=========================================
2020-11-19 18:22:38 INFO  Log:22 - login is successful
2020-11-19 18:22:58 INFO  Log:15 - =====================================tested successfully TEST END=========================================
2020-11-19 18:28:30 INFO  Log:11 - =====================================Announcement TEST START=========================================
2020-11-19 18:28:45 INFO  Log:15 - =====================================Announcement TEST END=========================================
2020-11-19 18:30:44 INFO  Log:11 - =====================================stagemaster TEST START=========================================
2020-11-19 18:30:45 INFO  Log:22 - login is successful
2020-11-19 18:32:38 INFO  Log:11 - =====================================stagemaster TEST START=========================================
2020-11-19 18:32:39 INFO  Log:22 - login is successful
2020-11-19 18:36:05 INFO  Log:11 - =====================================stagemaster TEST START=========================================
2020-11-19 18:36:06 INFO  Log:22 - login is successful
2020-11-19 18:42:18 INFO  Log:11 - =====================================stagemaster TEST START=========================================
2020-11-19 18:42:19 INFO  Log:22 - login is successful
2020-11-19 18:56:11 INFO  Log:11 - =====================================Assets TEST START=========================================
2020-11-19 18:56:24 INFO  Log:15 - =====================================Assets TEST END=========================================
2020-11-19 18:58:53 INFO  Log:11 - =====================================casasemployees TEST START=========================================
2020-11-19 19:02:23 INFO  Log:11 - =====================================casasemployees TEST START=========================================
2020-11-19 19:20:38 INFO  Log:11 - =====================================casasemployees TEST START=========================================
2020-11-20 09:55:32 INFO  Log:11 - =====================================casasemployees TEST START=========================================
2020-11-20 09:56:00 INFO  Log:15 - =====================================casasemployees TEST END=========================================
2020-11-20 09:58:41 INFO  Log:11 - =====================================client contacts TEST START=========================================
2020-11-20 10:05:38 INFO  Log:11 - =====================================client contacts TEST START=========================================
2020-11-20 10:06:06 INFO  Log:11 - =====================================client contacts TEST START=========================================
2020-11-20 10:06:36 INFO  Log:15 - =====================================client contacts  TEST END=========================================
2020-11-20 10:07:59 INFO  Log:11 - =====================================meeting TEST START=========================================
2020-11-20 10:09:46 INFO  Log:11 - =====================================meeting TEST START=========================================
2020-11-20 10:10:27 INFO  Log:11 - =====================================meeting TEST START=========================================
2020-11-20 10:14:32 INFO  Log:11 - =====================================communication TEST START=========================================
2020-11-20 10:19:13 INFO  Log:11 - =====================================fieldmanagementtool TEST START=========================================
2020-11-20 10:23:22 INFO  Log:11 - =====================================labour expence TEST START=========================================
2020-11-20 10:23:32 INFO  Log:15 - =====================================labour expence  TEST END=========================================
2020-11-20 10:24:33 INFO  Log:11 - =====================================communication TEST START=========================================
2020-11-20 10:26:18 INFO  Log:11 - =====================================communication TEST START=========================================
2020-11-20 10:28:14 INFO  Log:11 - =====================================communication TEST START=========================================
2020-11-20 10:30:49 INFO  Log:11 - =====================================communication TEST START=========================================
2020-11-20 10:31:38 INFO  Log:11 - =====================================communication TEST START=========================================
2020-11-20 10:32:51 INFO  Log:11 - =====================================communication TEST START=========================================
2020-11-20 10:35:18 INFO  Log:11 - =====================================communication TEST START=========================================
2020-11-20 10:36:38 INFO  Log:11 - =====================================communication TEST START=========================================
2020-11-20 10:38:58 INFO  Log:11 - =====================================communication TEST START=========================================
2020-11-20 10:41:32 INFO  Log:11 - =====================================communication TEST START=========================================
2020-11-20 10:42:28 INFO  Log:11 - =====================================communication TEST START=========================================
2020-11-20 10:45:07 INFO  Log:11 - =====================================communication TEST START=========================================
2020-11-20 10:45:32 INFO  Log:15 - =====================================communication  TEST END=========================================
2020-11-20 10:47:43 INFO  Log:11 - =====================================meeting TEST START=========================================
2020-11-20 10:49:05 INFO  Log:11 - =====================================meeting TEST START=========================================
2020-11-20 10:49:17 INFO  Log:15 - =====================================meeting TEST END=========================================
2020-11-20 11:00:16 INFO  Log:11 - =====================================material expence TEST START=========================================
2020-11-20 11:04:58 INFO  Log:11 - =====================================material expence TEST START=========================================
2020-11-20 11:07:50 INFO  Log:11 - =====================================material expence TEST START=========================================
2020-11-20 11:09:01 INFO  Log:11 - =====================================material expence TEST START=========================================
2020-11-20 11:12:06 INFO  Log:11 - =====================================material expence TEST START=========================================
2020-11-20 14:11:04 INFO  Log:11 - =====================================LocatorRequest TEST START=========================================
2020-11-20 14:22:33 INFO  Log:11 - =====================================property TEST START=========================================
2020-11-20 14:22:45 INFO  Log:15 - =====================================property  TEST END=========================================
2020-11-20 14:25:12 INFO  Log:11 - =====================================LocatorRequest TEST START=========================================
2020-11-20 14:26:34 INFO  Log:11 - =====================================LocatorRequest TEST START=========================================
2020-11-20 14:31:32 INFO  Log:11 - =====================================LocatorRequest TEST START=========================================
2020-11-20 14:31:35 INFO  Log:15 - =====================================LocatorRequest  TEST END=========================================
2020-11-20 14:35:53 INFO  Log:11 - =====================================property TEST START=========================================
2020-11-20 14:36:05 INFO  Log:15 - =====================================property  TEST END=========================================
2020-11-20 14:54:38 INFO  Log:11 - =====================================casasemployees TEST START=========================================
2020-11-20 14:55:04 INFO  Log:15 - =====================================casasemployees TEST END=========================================
2020-11-20 14:59:13 INFO  Log:11 - =====================================projectteam TEST START=========================================
2020-11-20 15:01:07 INFO  Log:15 - =====================================projectteam  TEST END=========================================
2020-11-20 15:02:47 INFO  Log:11 - =====================================projectteam TEST START=========================================
2020-11-20 15:04:40 INFO  Log:15 - =====================================projectteam  TEST END=========================================
2020-11-20 15:07:08 INFO  Log:11 - =====================================stagemaster TEST START=========================================
2020-11-20 15:07:10 INFO  Log:22 - login is successful
2020-11-20 15:08:21 INFO  Log:11 - =====================================stagemaster TEST START=========================================
2020-11-20 15:08:22 INFO  Log:22 - login is successful
2020-11-20 15:22:13 INFO  Log:11 - =====================================supplier TEST START=========================================
2020-11-20 15:23:12 INFO  Log:15 - =====================================supplier  TEST END=========================================
2020-11-20 15:27:01 INFO  Log:11 - =====================================Assets TEST START=========================================
2020-11-20 15:27:14 INFO  Log:15 - =====================================Assets TEST END=========================================
2020-11-20 15:29:02 INFO  Log:11 - =====================================Assets TEST START=========================================
2020-11-20 15:29:15 INFO  Log:15 - =====================================Assets TEST END=========================================
2020-11-20 15:30:12 INFO  Log:11 - =====================================Assets TEST START=========================================
2020-11-20 15:30:26 INFO  Log:15 - =====================================Assets TEST END=========================================
2020-11-20 15:32:43 INFO  Log:11 - =====================================Assets TEST START=========================================
2020-11-20 15:35:21 INFO  Log:11 - =====================================client contacts TEST START=========================================
2020-11-20 15:35:49 INFO  Log:15 - =====================================client contacts  TEST END=========================================
2020-11-20 15:39:36 INFO  Log:11 - =====================================staffleaves TEST START=========================================
2020-11-20 15:39:57 INFO  Log:11 - =====================================staffleaves TEST START=========================================
2020-11-20 15:45:53 INFO  Log:11 - =====================================staffleaves TEST START=========================================
2020-11-20 15:46:13 INFO  Log:15 - =====================================staffleaves TEST END=========================================
2020-11-20 15:50:30 INFO  Log:11 - =====================================punchlistmaster TEST START=========================================
2020-11-20 15:50:41 INFO  Log:15 - =====================================punchlistmaster TEST END=========================================
2020-11-20 16:03:05 INFO  Log:11 - =====================================communication TEST START=========================================
2020-11-20 16:03:31 INFO  Log:15 - =====================================communication  TEST END=========================================
2020-11-20 16:05:26 INFO  Log:11 - =====================================communication TEST START=========================================
2020-11-20 16:05:51 INFO  Log:15 - =====================================communication  TEST END=========================================
2020-11-20 16:06:42 INFO  Log:11 - =====================================meeting TEST START=========================================
2020-11-20 16:07:38 INFO  Log:15 - =====================================meeting TEST END=========================================
2020-11-20 16:16:04 INFO  Log:11 - =====================================project emails TEST START=========================================
2020-11-20 16:18:12 INFO  Log:11 - =====================================project emails TEST START=========================================
2020-11-20 16:18:30 INFO  Log:15 - =====================================project emails TEST END=========================================
2020-11-20 16:19:52 INFO  Log:11 - =====================================LocatorRequest TEST START=========================================
2020-11-20 16:19:55 INFO  Log:15 - =====================================LocatorRequest  TEST END=========================================
2020-11-20 16:26:14 INFO  Log:11 - =====================================LocatorRequest TEST START=========================================
2020-11-20 16:29:09 INFO  Log:11 - =====================================labour expence TEST START=========================================
2020-11-20 16:29:15 INFO  Log:15 - =====================================labour expence  TEST END=========================================
2020-11-20 16:29:49 INFO  Log:11 - =====================================material expence TEST START=========================================
2020-11-20 16:31:29 INFO  Log:11 - =====================================labour expence TEST START=========================================
2020-11-20 16:35:55 INFO  Log:11 - =====================================labour expence TEST START=========================================
2020-11-20 16:39:41 INFO  Log:11 - =====================================material expence TEST START=========================================
2020-11-20 16:41:43 INFO  Log:11 - =====================================material expence TEST START=========================================
2020-11-20 17:11:04 INFO  Log:11 - =====================================projectactivity TEST START=========================================
2020-11-20 17:13:59 INFO  Log:15 - =====================================projectactivity TEST END=========================================
2020-11-20 17:15:57 INFO  Log:11 - =====================================sitevisit TEST START=========================================
2020-11-20 17:18:53 INFO  Log:15 - =====================================sitevisit TEST END=========================================
2020-11-20 17:29:45 INFO  Log:11 - =====================================supplier TEST START=========================================
2020-11-20 17:32:14 INFO  Log:11 - =====================================supplier TEST START=========================================
2020-11-20 17:33:18 INFO  Log:15 - =====================================supplier  TEST END=========================================
2020-11-20 17:42:50 INFO  Log:11 - =====================================supplier TEST START=========================================
2020-11-20 18:22:43 DEBUG cache:45 - Couldn't find template in cache for "v3html/v3-html-index.ftl"("en", UTF-8, parsed); will try to load it.
2020-11-20 18:22:43 DEBUG cache:45 - TemplateLoader.findTemplateSource("v3html/v3-html-index_en.ftl"): Not found
2020-11-20 18:22:43 DEBUG cache:45 - TemplateLoader.findTemplateSource("v3html/v3-html-index.ftl"): Found
2020-11-20 18:22:43 DEBUG cache:45 - Loading template for "v3html/v3-html-index.ftl"("en", UTF-8, parsed) from "jar:file:/C:/Users/Amaze%20Inc%20Lap%2003/.m2/repository/com/aventstack/extentreports/4.0.9/extentreports-4.0.9.jar!/com/aventstack/extentreports/view/v3html/v3-html-index.ftl"
2020-11-20 18:22:44 DEBUG cache:45 - Couldn't find template in cache for "v3html/v3-html-head.ftl"("en", UTF-8, parsed); will try to load it.
2020-11-20 18:22:44 DEBUG cache:45 - TemplateLoader.findTemplateSource("v3html/v3-html-head_en.ftl"): Not found
2020-11-20 18:22:44 DEBUG cache:45 - TemplateLoader.findTemplateSource("v3html/v3-html-head.ftl"): Found
2020-11-20 18:22:44 DEBUG cache:45 - Loading template for "v3html/v3-html-head.ftl"("en", UTF-8, parsed) from "jar:file:/C:/Users/Amaze%20Inc%20Lap%2003/.m2/repository/com/aventstack/extentreports/4.0.9/extentreports-4.0.9.jar!/com/aventstack/extentreports/view/v3html/v3-html-head.ftl"
2020-11-20 18:22:44 DEBUG cache:45 - Couldn't find template in cache for "v3html/v3-html-nav.ftl"("en", UTF-8, parsed); will try to load it.
2020-11-20 18:22:44 DEBUG cache:45 - TemplateLoader.findTemplateSource("v3html/v3-html-nav_en.ftl"): Not found
2020-11-20 18:22:44 DEBUG cache:45 - TemplateLoader.findTemplateSource("v3html/v3-html-nav.ftl"): Found
2020-11-20 18:22:44 DEBUG cache:45 - Loading template for "v3html/v3-html-nav.ftl"("en", UTF-8, parsed) from "jar:file:/C:/Users/Amaze%20Inc%20Lap%2003/.m2/repository/com/aventstack/extentreports/4.0.9/extentreports-4.0.9.jar!/com/aventstack/extentreports/view/v3html/v3-html-nav.ftl"
2020-11-20 18:22:44 DEBUG cache:45 - Couldn't find template in cache for "v3html/test-view/v3-html-test-view.ftl"("en", UTF-8, parsed); will try to load it.
2020-11-20 18:22:44 DEBUG cache:45 - TemplateLoader.findTemplateSource("v3html/test-view/v3-html-test-view_en.ftl"): Not found
2020-11-20 18:22:44 DEBUG cache:45 - TemplateLoader.findTemplateSource("v3html/test-view/v3-html-test-view.ftl"): Found
2020-11-20 18:22:44 DEBUG cache:45 - Loading template for "v3html/test-view/v3-html-test-view.ftl"("en", UTF-8, parsed) from "jar:file:/C:/Users/Amaze%20Inc%20Lap%2003/.m2/repository/com/aventstack/extentreports/4.0.9/extentreports-4.0.9.jar!/com/aventstack/extentreports/view/v3html/test-view/v3-html-test-view.ftl"
2020-11-20 18:22:44 DEBUG cache:45 - Couldn't find template in cache for "v3html/test-view/v3-html-test-view-charts.ftl"("en", UTF-8, parsed); will try to load it.
2020-11-20 18:22:44 DEBUG cache:45 - TemplateLoader.findTemplateSource("v3html/test-view/v3-html-test-view-charts_en.ftl"): Not found
2020-11-20 18:22:44 DEBUG cache:45 - TemplateLoader.findTemplateSource("v3html/test-view/v3-html-test-view-charts.ftl"): Found
2020-11-20 18:22:44 DEBUG cache:45 - Loading template for "v3html/test-view/v3-html-test-view-charts.ftl"("en", UTF-8, parsed) from "jar:file:/C:/Users/Amaze%20Inc%20Lap%2003/.m2/repository/com/aventstack/extentreports/4.0.9/extentreports-4.0.9.jar!/com/aventstack/extentreports/view/v3html/test-view/v3-html-test-view-charts.ftl"
2020-11-20 18:22:44 DEBUG cache:45 - Couldn't find template in cache for "v3html/test-view/v3-html-standard.ftl"("en", UTF-8, parsed); will try to load it.
2020-11-20 18:22:44 DEBUG cache:45 - TemplateLoader.findTemplateSource("v3html/test-view/v3-html-standard_en.ftl"): Not found
2020-11-20 18:22:44 DEBUG cache:45 - TemplateLoader.findTemplateSource("v3html/test-view/v3-html-standard.ftl"): Found
2020-11-20 18:22:44 DEBUG cache:45 - Loading template for "v3html/test-view/v3-html-standard.ftl"("en", UTF-8, parsed) from "jar:file:/C:/Users/Amaze%20Inc%20Lap%2003/.m2/repository/com/aventstack/extentreports/4.0.9/extentreports-4.0.9.jar!/com/aventstack/extentreports/view/v3html/test-view/v3-html-standard.ftl"
2020-11-20 18:22:44 DEBUG cache:45 - Couldn't find template in cache for "v3html/category-view/v3-html-category-view.ftl"("en", UTF-8, parsed); will try to load it.
2020-11-20 18:22:44 DEBUG cache:45 - TemplateLoader.findTemplateSource("v3html/category-view/v3-html-category-view_en.ftl"): Not found
2020-11-20 18:22:44 DEBUG cache:45 - TemplateLoader.findTemplateSource("v3html/category-view/v3-html-category-view.ftl"): Found
2020-11-20 18:22:44 DEBUG cache:45 - Loading template for "v3html/category-view/v3-html-category-view.ftl"("en", UTF-8, parsed) from "jar:file:/C:/Users/Amaze%20Inc%20Lap%2003/.m2/repository/com/aventstack/extentreports/4.0.9/extentreports-4.0.9.jar!/com/aventstack/extentreports/view/v3html/category-view/v3-html-category-view.ftl"
2020-11-20 18:22:44 DEBUG cache:45 - Couldn't find template in cache for "v3html/exception-view/v3-html-exception-view.ftl"("en", UTF-8, parsed); will try to load it.
2020-11-20 18:22:44 DEBUG cache:45 - TemplateLoader.findTemplateSource("v3html/exception-view/v3-html-exception-view_en.ftl"): Not found
2020-11-20 18:22:44 DEBUG cache:45 - TemplateLoader.findTemplateSource("v3html/exception-view/v3-html-exception-view.ftl"): Found
2020-11-20 18:22:44 DEBUG cache:45 - Loading template for "v3html/exception-view/v3-html-exception-view.ftl"("en", UTF-8, parsed) from "jar:file:/C:/Users/Amaze%20Inc%20Lap%2003/.m2/repository/com/aventstack/extentreports/4.0.9/extentreports-4.0.9.jar!/com/aventstack/extentreports/view/v3html/exception-view/v3-html-exception-view.ftl"
2020-11-20 18:22:44 DEBUG cache:45 - Couldn't find template in cache for "v3html/author-view/v3-html-author-view.ftl"("en", UTF-8, parsed); will try to load it.
2020-11-20 18:22:44 DEBUG cache:45 - TemplateLoader.findTemplateSource("v3html/author-view/v3-html-author-view_en.ftl"): Not found
2020-11-20 18:22:44 DEBUG cache:45 - TemplateLoader.findTemplateSource("v3html/author-view/v3-html-author-view.ftl"): Found
2020-11-20 18:22:44 DEBUG cache:45 - Loading template for "v3html/author-view/v3-html-author-view.ftl"("en", UTF-8, parsed) from "jar:file:/C:/Users/Amaze%20Inc%20Lap%2003/.m2/repository/com/aventstack/extentreports/4.0.9/extentreports-4.0.9.jar!/com/aventstack/extentreports/view/v3html/author-view/v3-html-author-view.ftl"
2020-11-20 18:22:44 DEBUG cache:45 - Couldn't find template in cache for "v3html/dashboard-view/v3-html-dashboard-view.ftl"("en", UTF-8, parsed); will try to load it.
2020-11-20 18:22:44 DEBUG cache:45 - TemplateLoader.findTemplateSource("v3html/dashboard-view/v3-html-dashboard-view_en.ftl"): Not found
2020-11-20 18:22:44 DEBUG cache:45 - TemplateLoader.findTemplateSource("v3html/dashboard-view/v3-html-dashboard-view.ftl"): Found
2020-11-20 18:22:44 DEBUG cache:45 - Loading template for "v3html/dashboard-view/v3-html-dashboard-view.ftl"("en", UTF-8, parsed) from "jar:file:/C:/Users/Amaze%20Inc%20Lap%2003/.m2/repository/com/aventstack/extentreports/4.0.9/extentreports-4.0.9.jar!/com/aventstack/extentreports/view/v3html/dashboard-view/v3-html-dashboard-view.ftl"
2020-11-20 18:22:44 DEBUG cache:45 - Couldn't find template in cache for "v3html/logs-view/v3-html-testrunner-logs-view.ftl"("en", UTF-8, parsed); will try to load it.
2020-11-20 18:22:44 DEBUG cache:45 - TemplateLoader.findTemplateSource("v3html/logs-view/v3-html-testrunner-logs-view_en.ftl"): Not found
2020-11-20 18:22:44 DEBUG cache:45 - TemplateLoader.findTemplateSource("v3html/logs-view/v3-html-testrunner-logs-view.ftl"): Found
2020-11-20 18:22:44 DEBUG cache:45 - Loading template for "v3html/logs-view/v3-html-testrunner-logs-view.ftl"("en", UTF-8, parsed) from "jar:file:/C:/Users/Amaze%20Inc%20Lap%2003/.m2/repository/com/aventstack/extentreports/4.0.9/extentreports-4.0.9.jar!/com/aventstack/extentreports/view/v3html/logs-view/v3-html-testrunner-logs-view.ftl"
2020-11-20 18:27:05 DEBUG cache:45 - Couldn't find template in cache for "v3html/v3-html-index.ftl"("en", UTF-8, parsed); will try to load it.
2020-11-20 18:27:05 DEBUG cache:45 - TemplateLoader.findTemplateSource("v3html/v3-html-index_en.ftl"): Not found
2020-11-20 18:27:05 DEBUG cache:45 - TemplateLoader.findTemplateSource("v3html/v3-html-index.ftl"): Found
2020-11-20 18:27:05 DEBUG cache:45 - Loading template for "v3html/v3-html-index.ftl"("en", UTF-8, parsed) from "jar:file:/C:/Users/Amaze%20Inc%20Lap%2003/.m2/repository/com/aventstack/extentreports/4.0.9/extentreports-4.0.9.jar!/com/aventstack/extentreports/view/v3html/v3-html-index.ftl"
2020-11-20 18:27:05 DEBUG cache:45 - Couldn't find template in cache for "v3html/v3-html-head.ftl"("en", UTF-8, parsed); will try to load it.
2020-11-20 18:27:05 DEBUG cache:45 - TemplateLoader.findTemplateSource("v3html/v3-html-head_en.ftl"): Not found
2020-11-20 18:27:05 DEBUG cache:45 - TemplateLoader.findTemplateSource("v3html/v3-html-head.ftl"): Found
2020-11-20 18:27:05 DEBUG cache:45 - Loading template for "v3html/v3-html-head.ftl"("en", UTF-8, parsed) from "jar:file:/C:/Users/Amaze%20Inc%20Lap%2003/.m2/repository/com/aventstack/extentreports/4.0.9/extentreports-4.0.9.jar!/com/aventstack/extentreports/view/v3html/v3-html-head.ftl"
2020-11-20 18:27:05 DEBUG cache:45 - Couldn't find template in cache for "v3html/v3-html-nav.ftl"("en", UTF-8, parsed); will try to load it.
2020-11-20 18:27:05 DEBUG cache:45 - TemplateLoader.findTemplateSource("v3html/v3-html-nav_en.ftl"): Not found
2020-11-20 18:27:05 DEBUG cache:45 - TemplateLoader.findTemplateSource("v3html/v3-html-nav.ftl"): Found
2020-11-20 18:27:05 DEBUG cache:45 - Loading template for "v3html/v3-html-nav.ftl"("en", UTF-8, parsed) from "jar:file:/C:/Users/Amaze%20Inc%20Lap%2003/.m2/repository/com/aventstack/extentreports/4.0.9/extentreports-4.0.9.jar!/com/aventstack/extentreports/view/v3html/v3-html-nav.ftl"
2020-11-20 18:27:05 DEBUG cache:45 - Couldn't find template in cache for "v3html/test-view/v3-html-test-view.ftl"("en", UTF-8, parsed); will try to load it.
2020-11-20 18:27:05 DEBUG cache:45 - TemplateLoader.findTemplateSource("v3html/test-view/v3-html-test-view_en.ftl"): Not found
2020-11-20 18:27:05 DEBUG cache:45 - TemplateLoader.findTemplateSource("v3html/test-view/v3-html-test-view.ftl"): Found
2020-11-20 18:27:05 DEBUG cache:45 - Loading template for "v3html/test-view/v3-html-test-view.ftl"("en", UTF-8, parsed) from "jar:file:/C:/Users/Amaze%20Inc%20Lap%2003/.m2/repository/com/aventstack/extentreports/4.0.9/extentreports-4.0.9.jar!/com/aventstack/extentreports/view/v3html/test-view/v3-html-test-view.ftl"
2020-11-20 18:27:05 DEBUG cache:45 - Couldn't find template in cache for "v3html/test-view/v3-html-test-view-charts.ftl"("en", UTF-8, parsed); will try to load it.
2020-11-20 18:27:05 DEBUG cache:45 - TemplateLoader.findTemplateSource("v3html/test-view/v3-html-test-view-charts_en.ftl"): Not found
2020-11-20 18:27:05 DEBUG cache:45 - TemplateLoader.findTemplateSource("v3html/test-view/v3-html-test-view-charts.ftl"): Found
2020-11-20 18:27:05 DEBUG cache:45 - Loading template for "v3html/test-view/v3-html-test-view-charts.ftl"("en", UTF-8, parsed) from "jar:file:/C:/Users/Amaze%20Inc%20Lap%2003/.m2/repository/com/aventstack/extentreports/4.0.9/extentreports-4.0.9.jar!/com/aventstack/extentreports/view/v3html/test-view/v3-html-test-view-charts.ftl"
2020-11-20 18:27:05 DEBUG cache:45 - Couldn't find template in cache for "v3html/test-view/v3-html-standard.ftl"("en", UTF-8, parsed); will try to load it.
2020-11-20 18:27:05 DEBUG cache:45 - TemplateLoader.findTemplateSource("v3html/test-view/v3-html-standard_en.ftl"): Not found
2020-11-20 18:27:05 DEBUG cache:45 - TemplateLoader.findTemplateSource("v3html/test-view/v3-html-standard.ftl"): Found
2020-11-20 18:27:05 DEBUG cache:45 - Loading template for "v3html/test-view/v3-html-standard.ftl"("en", UTF-8, parsed) from "jar:file:/C:/Users/Amaze%20Inc%20Lap%2003/.m2/repository/com/aventstack/extentreports/4.0.9/extentreports-4.0.9.jar!/com/aventstack/extentreports/view/v3html/test-view/v3-html-standard.ftl"
2020-11-20 18:27:05 DEBUG cache:45 - Couldn't find template in cache for "v3html/category-view/v3-html-category-view.ftl"("en", UTF-8, parsed); will try to load it.
2020-11-20 18:27:05 DEBUG cache:45 - TemplateLoader.findTemplateSource("v3html/category-view/v3-html-category-view_en.ftl"): Not found
2020-11-20 18:27:05 DEBUG cache:45 - TemplateLoader.findTemplateSource("v3html/category-view/v3-html-category-view.ftl"): Found
2020-11-20 18:27:05 DEBUG cache:45 - Loading template for "v3html/category-view/v3-html-category-view.ftl"("en", UTF-8, parsed) from "jar:file:/C:/Users/Amaze%20Inc%20Lap%2003/.m2/repository/com/aventstack/extentreports/4.0.9/extentreports-4.0.9.jar!/com/aventstack/extentreports/view/v3html/category-view/v3-html-category-view.ftl"
2020-11-20 18:27:05 DEBUG cache:45 - Couldn't find template in cache for "v3html/exception-view/v3-html-exception-view.ftl"("en", UTF-8, parsed); will try to load it.
2020-11-20 18:27:05 DEBUG cache:45 - TemplateLoader.findTemplateSource("v3html/exception-view/v3-html-exception-view_en.ftl"): Not found
2020-11-20 18:27:05 DEBUG cache:45 - TemplateLoader.findTemplateSource("v3html/exception-view/v3-html-exception-view.ftl"): Found
2020-11-20 18:27:05 DEBUG cache:45 - Loading template for "v3html/exception-view/v3-html-exception-view.ftl"("en", UTF-8, parsed) from "jar:file:/C:/Users/Amaze%20Inc%20Lap%2003/.m2/repository/com/aventstack/extentreports/4.0.9/extentreports-4.0.9.jar!/com/aventstack/extentreports/view/v3html/exception-view/v3-html-exception-view.ftl"
2020-11-20 18:27:05 DEBUG cache:45 - Couldn't find template in cache for "v3html/author-view/v3-html-author-view.ftl"("en", UTF-8, parsed); will try to load it.
2020-11-20 18:27:05 DEBUG cache:45 - TemplateLoader.findTemplateSource("v3html/author-view/v3-html-author-view_en.ftl"): Not found
2020-11-20 18:27:05 DEBUG cache:45 - TemplateLoader.findTemplateSource("v3html/author-view/v3-html-author-view.ftl"): Found
2020-11-20 18:27:05 DEBUG cache:45 - Loading template for "v3html/author-view/v3-html-author-view.ftl"("en", UTF-8, parsed) from "jar:file:/C:/Users/Amaze%20Inc%20Lap%2003/.m2/repository/com/aventstack/extentreports/4.0.9/extentreports-4.0.9.jar!/com/aventstack/extentreports/view/v3html/author-view/v3-html-author-view.ftl"
2020-11-20 18:27:05 DEBUG cache:45 - Couldn't find template in cache for "v3html/dashboard-view/v3-html-dashboard-view.ftl"("en", UTF-8, parsed); will try to load it.
2020-11-20 18:27:05 DEBUG cache:45 - TemplateLoader.findTemplateSource("v3html/dashboard-view/v3-html-dashboard-view_en.ftl"): Not found
2020-11-20 18:27:05 DEBUG cache:45 - TemplateLoader.findTemplateSource("v3html/dashboard-view/v3-html-dashboard-view.ftl"): Found
2020-11-20 18:27:05 DEBUG cache:45 - Loading template for "v3html/dashboard-view/v3-html-dashboard-view.ftl"("en", UTF-8, parsed) from "jar:file:/C:/Users/Amaze%20Inc%20Lap%2003/.m2/repository/com/aventstack/extentreports/4.0.9/extentreports-4.0.9.jar!/com/aventstack/extentreports/view/v3html/dashboard-view/v3-html-dashboard-view.ftl"
2020-11-20 18:27:05 DEBUG cache:45 - Couldn't find template in cache for "v3html/logs-view/v3-html-testrunner-logs-view.ftl"("en", UTF-8, parsed); will try to load it.
2020-11-20 18:27:05 DEBUG cache:45 - TemplateLoader.findTemplateSource("v3html/logs-view/v3-html-testrunner-logs-view_en.ftl"): Not found
2020-11-20 18:27:05 DEBUG cache:45 - TemplateLoader.findTemplateSource("v3html/logs-view/v3-html-testrunner-logs-view.ftl"): Found
2020-11-20 18:27:05 DEBUG cache:45 - Loading template for "v3html/logs-view/v3-html-testrunner-logs-view.ftl"("en", UTF-8, parsed) from "jar:file:/C:/Users/Amaze%20Inc%20Lap%2003/.m2/repository/com/aventstack/extentreports/4.0.9/extentreports-4.0.9.jar!/com/aventstack/extentreports/view/v3html/logs-view/v3-html-testrunner-logs-view.ftl"
2020-11-20 18:28:30 DEBUG cache:45 - Couldn't find template in cache for "v3html/v3-html-index.ftl"("en", UTF-8, parsed); will try to load it.
2020-11-20 18:28:30 DEBUG cache:45 - TemplateLoader.findTemplateSource("v3html/v3-html-index_en.ftl"): Not found
2020-11-20 18:28:30 DEBUG cache:45 - TemplateLoader.findTemplateSource("v3html/v3-html-index.ftl"): Found
2020-11-20 18:28:30 DEBUG cache:45 - Loading template for "v3html/v3-html-index.ftl"("en", UTF-8, parsed) from "jar:file:/C:/Users/Amaze%20Inc%20Lap%2003/.m2/repository/com/aventstack/extentreports/4.0.9/extentreports-4.0.9.jar!/com/aventstack/extentreports/view/v3html/v3-html-index.ftl"
2020-11-20 18:28:31 DEBUG cache:45 - Couldn't find template in cache for "v3html/v3-html-head.ftl"("en", UTF-8, parsed); will try to load it.
2020-11-20 18:28:31 DEBUG cache:45 - TemplateLoader.findTemplateSource("v3html/v3-html-head_en.ftl"): Not found
2020-11-20 18:28:31 DEBUG cache:45 - TemplateLoader.findTemplateSource("v3html/v3-html-head.ftl"): Found
2020-11-20 18:28:31 DEBUG cache:45 - Loading template for "v3html/v3-html-head.ftl"("en", UTF-8, parsed) from "jar:file:/C:/Users/Amaze%20Inc%20Lap%2003/.m2/repository/com/aventstack/extentreports/4.0.9/extentreports-4.0.9.jar!/com/aventstack/extentreports/view/v3html/v3-html-head.ftl"
2020-11-20 18:28:31 DEBUG cache:45 - Couldn't find template in cache for "v3html/v3-html-nav.ftl"("en", UTF-8, parsed); will try to load it.
2020-11-20 18:28:31 DEBUG cache:45 - TemplateLoader.findTemplateSource("v3html/v3-html-nav_en.ftl"): Not found
2020-11-20 18:28:31 DEBUG cache:45 - TemplateLoader.findTemplateSource("v3html/v3-html-nav.ftl"): Found
2020-11-20 18:28:31 DEBUG cache:45 - Loading template for "v3html/v3-html-nav.ftl"("en", UTF-8, parsed) from "jar:file:/C:/Users/Amaze%20Inc%20Lap%2003/.m2/repository/com/aventstack/extentreports/4.0.9/extentreports-4.0.9.jar!/com/aventstack/extentreports/view/v3html/v3-html-nav.ftl"
2020-11-20 18:28:31 DEBUG cache:45 - Couldn't find template in cache for "v3html/test-view/v3-html-test-view.ftl"("en", UTF-8, parsed); will try to load it.
2020-11-20 18:28:31 DEBUG cache:45 - TemplateLoader.findTemplateSource("v3html/test-view/v3-html-test-view_en.ftl"): Not found
2020-11-20 18:28:31 DEBUG cache:45 - TemplateLoader.findTemplateSource("v3html/test-view/v3-html-test-view.ftl"): Found
2020-11-20 18:28:31 DEBUG cache:45 - Loading template for "v3html/test-view/v3-html-test-view.ftl"("en", UTF-8, parsed) from "jar:file:/C:/Users/Amaze%20Inc%20Lap%2003/.m2/repository/com/aventstack/extentreports/4.0.9/extentreports-4.0.9.jar!/com/aventstack/extentreports/view/v3html/test-view/v3-html-test-view.ftl"
2020-11-20 18:28:31 DEBUG cache:45 - Couldn't find template in cache for "v3html/test-view/v3-html-test-view-charts.ftl"("en", UTF-8, parsed); will try to load it.
2020-11-20 18:28:31 DEBUG cache:45 - TemplateLoader.findTemplateSource("v3html/test-view/v3-html-test-view-charts_en.ftl"): Not found
2020-11-20 18:28:31 DEBUG cache:45 - TemplateLoader.findTemplateSource("v3html/test-view/v3-html-test-view-charts.ftl"): Found
2020-11-20 18:28:31 DEBUG cache:45 - Loading template for "v3html/test-view/v3-html-test-view-charts.ftl"("en", UTF-8, parsed) from "jar:file:/C:/Users/Amaze%20Inc%20Lap%2003/.m2/repository/com/aventstack/extentreports/4.0.9/extentreports-4.0.9.jar!/com/aventstack/extentreports/view/v3html/test-view/v3-html-test-view-charts.ftl"
2020-11-20 18:28:31 DEBUG cache:45 - Couldn't find template in cache for "v3html/test-view/v3-html-standard.ftl"("en", UTF-8, parsed); will try to load it.
2020-11-20 18:28:31 DEBUG cache:45 - TemplateLoader.findTemplateSource("v3html/test-view/v3-html-standard_en.ftl"): Not found
2020-11-20 18:28:31 DEBUG cache:45 - TemplateLoader.findTemplateSource("v3html/test-view/v3-html-standard.ftl"): Found
2020-11-20 18:28:31 DEBUG cache:45 - Loading template for "v3html/test-view/v3-html-standard.ftl"("en", UTF-8, parsed) from "jar:file:/C:/Users/Amaze%20Inc%20Lap%2003/.m2/repository/com/aventstack/extentreports/4.0.9/extentreports-4.0.9.jar!/com/aventstack/extentreports/view/v3html/test-view/v3-html-standard.ftl"
2020-11-20 18:28:31 DEBUG cache:45 - Couldn't find template in cache for "v3html/category-view/v3-html-category-view.ftl"("en", UTF-8, parsed); will try to load it.
2020-11-20 18:28:31 DEBUG cache:45 - TemplateLoader.findTemplateSource("v3html/category-view/v3-html-category-view_en.ftl"): Not found
2020-11-20 18:28:31 DEBUG cache:45 - TemplateLoader.findTemplateSource("v3html/category-view/v3-html-category-view.ftl"): Found
2020-11-20 18:28:31 DEBUG cache:45 - Loading template for "v3html/category-view/v3-html-category-view.ftl"("en", UTF-8, parsed) from "jar:file:/C:/Users/Amaze%20Inc%20Lap%2003/.m2/repository/com/aventstack/extentreports/4.0.9/extentreports-4.0.9.jar!/com/aventstack/extentreports/view/v3html/category-view/v3-html-category-view.ftl"
2020-11-20 18:28:31 DEBUG cache:45 - Couldn't find template in cache for "v3html/exception-view/v3-html-exception-view.ftl"("en", UTF-8, parsed); will try to load it.
2020-11-20 18:28:31 DEBUG cache:45 - TemplateLoader.findTemplateSource("v3html/exception-view/v3-html-exception-view_en.ftl"): Not found
2020-11-20 18:28:31 DEBUG cache:45 - TemplateLoader.findTemplateSource("v3html/exception-view/v3-html-exception-view.ftl"): Found
2020-11-20 18:28:31 DEBUG cache:45 - Loading template for "v3html/exception-view/v3-html-exception-view.ftl"("en", UTF-8, parsed) from "jar:file:/C:/Users/Amaze%20Inc%20Lap%2003/.m2/repository/com/aventstack/extentreports/4.0.9/extentreports-4.0.9.jar!/com/aventstack/extentreports/view/v3html/exception-view/v3-html-exception-view.ftl"
2020-11-20 18:28:31 DEBUG cache:45 - Couldn't find template in cache for "v3html/author-view/v3-html-author-view.ftl"("en", UTF-8, parsed); will try to load it.
2020-11-20 18:28:31 DEBUG cache:45 - TemplateLoader.findTemplateSource("v3html/author-view/v3-html-author-view_en.ftl"): Not found
2020-11-20 18:28:31 DEBUG cache:45 - TemplateLoader.findTemplateSource("v3html/author-view/v3-html-author-view.ftl"): Found
2020-11-20 18:28:31 DEBUG cache:45 - Loading template for "v3html/author-view/v3-html-author-view.ftl"("en", UTF-8, parsed) from "jar:file:/C:/Users/Amaze%20Inc%20Lap%2003/.m2/repository/com/aventstack/extentreports/4.0.9/extentreports-4.0.9.jar!/com/aventstack/extentreports/view/v3html/author-view/v3-html-author-view.ftl"
2020-11-20 18:28:31 DEBUG cache:45 - Couldn't find template in cache for "v3html/dashboard-view/v3-html-dashboard-view.ftl"("en", UTF-8, parsed); will try to load it.
2020-11-20 18:28:31 DEBUG cache:45 - TemplateLoader.findTemplateSource("v3html/dashboard-view/v3-html-dashboard-view_en.ftl"): Not found
2020-11-20 18:28:31 DEBUG cache:45 - TemplateLoader.findTemplateSource("v3html/dashboard-view/v3-html-dashboard-view.ftl"): Found
2020-11-20 18:28:31 DEBUG cache:45 - Loading template for "v3html/dashboard-view/v3-html-dashboard-view.ftl"("en", UTF-8, parsed) from "jar:file:/C:/Users/Amaze%20Inc%20Lap%2003/.m2/repository/com/aventstack/extentreports/4.0.9/extentreports-4.0.9.jar!/com/aventstack/extentreports/view/v3html/dashboard-view/v3-html-dashboard-view.ftl"
2020-11-20 18:28:31 DEBUG cache:45 - Couldn't find template in cache for "v3html/logs-view/v3-html-testrunner-logs-view.ftl"("en", UTF-8, parsed); will try to load it.
2020-11-20 18:28:31 DEBUG cache:45 - TemplateLoader.findTemplateSource("v3html/logs-view/v3-html-testrunner-logs-view_en.ftl"): Not found
2020-11-20 18:28:31 DEBUG cache:45 - TemplateLoader.findTemplateSource("v3html/logs-view/v3-html-testrunner-logs-view.ftl"): Found
2020-11-20 18:28:31 DEBUG cache:45 - Loading template for "v3html/logs-view/v3-html-testrunner-logs-view.ftl"("en", UTF-8, parsed) from "jar:file:/C:/Users/Amaze%20Inc%20Lap%2003/.m2/repository/com/aventstack/extentreports/4.0.9/extentreports-4.0.9.jar!/com/aventstack/extentreports/view/v3html/logs-view/v3-html-testrunner-logs-view.ftl"
2020-11-20 18:36:09 DEBUG cache:45 - Couldn't find template in cache for "v3html/v3-html-index.ftl"("en", UTF-8, parsed); will try to load it.
2020-11-20 18:36:09 DEBUG cache:45 - TemplateLoader.findTemplateSource("v3html/v3-html-index_en.ftl"): Not found
2020-11-20 18:36:09 DEBUG cache:45 - TemplateLoader.findTemplateSource("v3html/v3-html-index.ftl"): Found
2020-11-20 18:36:09 DEBUG cache:45 - Loading template for "v3html/v3-html-index.ftl"("en", UTF-8, parsed) from "jar:file:/C:/Users/Amaze%20Inc%20Lap%2003/.m2/repository/com/aventstack/extentreports/4.0.9/extentreports-4.0.9.jar!/com/aventstack/extentreports/view/v3html/v3-html-index.ftl"
2020-11-20 18:36:09 DEBUG cache:45 - Couldn't find template in cache for "v3html/v3-html-head.ftl"("en", UTF-8, parsed); will try to load it.
2020-11-20 18:36:09 DEBUG cache:45 - TemplateLoader.findTemplateSource("v3html/v3-html-head_en.ftl"): Not found
2020-11-20 18:36:09 DEBUG cache:45 - TemplateLoader.findTemplateSource("v3html/v3-html-head.ftl"): Found
2020-11-20 18:36:09 DEBUG cache:45 - Loading template for "v3html/v3-html-head.ftl"("en", UTF-8, parsed) from "jar:file:/C:/Users/Amaze%20Inc%20Lap%2003/.m2/repository/com/aventstack/extentreports/4.0.9/extentreports-4.0.9.jar!/com/aventstack/extentreports/view/v3html/v3-html-head.ftl"
2020-11-20 18:36:09 DEBUG cache:45 - Couldn't find template in cache for "v3html/v3-html-nav.ftl"("en", UTF-8, parsed); will try to load it.
2020-11-20 18:36:09 DEBUG cache:45 - TemplateLoader.findTemplateSource("v3html/v3-html-nav_en.ftl"): Not found
2020-11-20 18:36:09 DEBUG cache:45 - TemplateLoader.findTemplateSource("v3html/v3-html-nav.ftl"): Found
2020-11-20 18:36:09 DEBUG cache:45 - Loading template for "v3html/v3-html-nav.ftl"("en", UTF-8, parsed) from "jar:file:/C:/Users/Amaze%20Inc%20Lap%2003/.m2/repository/com/aventstack/extentreports/4.0.9/extentreports-4.0.9.jar!/com/aventstack/extentreports/view/v3html/v3-html-nav.ftl"
2020-11-20 18:36:09 DEBUG cache:45 - Couldn't find template in cache for "v3html/test-view/v3-html-test-view.ftl"("en", UTF-8, parsed); will try to load it.
2020-11-20 18:36:09 DEBUG cache:45 - TemplateLoader.findTemplateSource("v3html/test-view/v3-html-test-view_en.ftl"): Not found
2020-11-20 18:36:09 DEBUG cache:45 - TemplateLoader.findTemplateSource("v3html/test-view/v3-html-test-view.ftl"): Found
2020-11-20 18:36:09 DEBUG cache:45 - Loading template for "v3html/test-view/v3-html-test-view.ftl"("en", UTF-8, parsed) from "jar:file:/C:/Users/Amaze%20Inc%20Lap%2003/.m2/repository/com/aventstack/extentreports/4.0.9/extentreports-4.0.9.jar!/com/aventstack/extentreports/view/v3html/test-view/v3-html-test-view.ftl"
2020-11-20 18:36:09 DEBUG cache:45 - Couldn't find template in cache for "v3html/test-view/v3-html-test-view-charts.ftl"("en", UTF-8, parsed); will try to load it.
2020-11-20 18:36:09 DEBUG cache:45 - TemplateLoader.findTemplateSource("v3html/test-view/v3-html-test-view-charts_en.ftl"): Not found
2020-11-20 18:36:09 DEBUG cache:45 - TemplateLoader.findTemplateSource("v3html/test-view/v3-html-test-view-charts.ftl"): Found
2020-11-20 18:36:09 DEBUG cache:45 - Loading template for "v3html/test-view/v3-html-test-view-charts.ftl"("en", UTF-8, parsed) from "jar:file:/C:/Users/Amaze%20Inc%20Lap%2003/.m2/repository/com/aventstack/extentreports/4.0.9/extentreports-4.0.9.jar!/com/aventstack/extentreports/view/v3html/test-view/v3-html-test-view-charts.ftl"
2020-11-20 18:36:09 DEBUG cache:45 - Couldn't find template in cache for "v3html/test-view/v3-html-standard.ftl"("en", UTF-8, parsed); will try to load it.
2020-11-20 18:36:09 DEBUG cache:45 - TemplateLoader.findTemplateSource("v3html/test-view/v3-html-standard_en.ftl"): Not found
2020-11-20 18:36:09 DEBUG cache:45 - TemplateLoader.findTemplateSource("v3html/test-view/v3-html-standard.ftl"): Found
2020-11-20 18:36:09 DEBUG cache:45 - Loading template for "v3html/test-view/v3-html-standard.ftl"("en", UTF-8, parsed) from "jar:file:/C:/Users/Amaze%20Inc%20Lap%2003/.m2/repository/com/aventstack/extentreports/4.0.9/extentreports-4.0.9.jar!/com/aventstack/extentreports/view/v3html/test-view/v3-html-standard.ftl"
2020-11-20 18:36:10 DEBUG cache:45 - Couldn't find template in cache for "v3html/category-view/v3-html-category-view.ftl"("en", UTF-8, parsed); will try to load it.
2020-11-20 18:36:10 DEBUG cache:45 - TemplateLoader.findTemplateSource("v3html/category-view/v3-html-category-view_en.ftl"): Not found
2020-11-20 18:36:10 DEBUG cache:45 - TemplateLoader.findTemplateSource("v3html/category-view/v3-html-category-view.ftl"): Found
2020-11-20 18:36:10 DEBUG cache:45 - Loading template for "v3html/category-view/v3-html-category-view.ftl"("en", UTF-8, parsed) from "jar:file:/C:/Users/Amaze%20Inc%20Lap%2003/.m2/repository/com/aventstack/extentreports/4.0.9/extentreports-4.0.9.jar!/com/aventstack/extentreports/view/v3html/category-view/v3-html-category-view.ftl"
2020-11-20 18:36:10 DEBUG cache:45 - Couldn't find template in cache for "v3html/exception-view/v3-html-exception-view.ftl"("en", UTF-8, parsed); will try to load it.
2020-11-20 18:36:10 DEBUG cache:45 - TemplateLoader.findTemplateSource("v3html/exception-view/v3-html-exception-view_en.ftl"): Not found
2020-11-20 18:36:10 DEBUG cache:45 - TemplateLoader.findTemplateSource("v3html/exception-view/v3-html-exception-view.ftl"): Found
2020-11-20 18:36:10 DEBUG cache:45 - Loading template for "v3html/exception-view/v3-html-exception-view.ftl"("en", UTF-8, parsed) from "jar:file:/C:/Users/Amaze%20Inc%20Lap%2003/.m2/repository/com/aventstack/extentreports/4.0.9/extentreports-4.0.9.jar!/com/aventstack/extentreports/view/v3html/exception-view/v3-html-exception-view.ftl"
2020-11-20 18:36:10 DEBUG cache:45 - Couldn't find template in cache for "v3html/author-view/v3-html-author-view.ftl"("en", UTF-8, parsed); will try to load it.
2020-11-20 18:36:10 DEBUG cache:45 - TemplateLoader.findTemplateSource("v3html/author-view/v3-html-author-view_en.ftl"): Not found
2020-11-20 18:36:10 DEBUG cache:45 - TemplateLoader.findTemplateSource("v3html/author-view/v3-html-author-view.ftl"): Found
2020-11-20 18:36:10 DEBUG cache:45 - Loading template for "v3html/author-view/v3-html-author-view.ftl"("en", UTF-8, parsed) from "jar:file:/C:/Users/Amaze%20Inc%20Lap%2003/.m2/repository/com/aventstack/extentreports/4.0.9/extentreports-4.0.9.jar!/com/aventstack/extentreports/view/v3html/author-view/v3-html-author-view.ftl"
2020-11-20 18:36:10 DEBUG cache:45 - Couldn't find template in cache for "v3html/dashboard-view/v3-html-dashboard-view.ftl"("en", UTF-8, parsed); will try to load it.
2020-11-20 18:36:10 DEBUG cache:45 - TemplateLoader.findTemplateSource("v3html/dashboard-view/v3-html-dashboard-view_en.ftl"): Not found
2020-11-20 18:36:10 DEBUG cache:45 - TemplateLoader.findTemplateSource("v3html/dashboard-view/v3-html-dashboard-view.ftl"): Found
2020-11-20 18:36:10 DEBUG cache:45 - Loading template for "v3html/dashboard-view/v3-html-dashboard-view.ftl"("en", UTF-8, parsed) from "jar:file:/C:/Users/Amaze%20Inc%20Lap%2003/.m2/repository/com/aventstack/extentreports/4.0.9/extentreports-4.0.9.jar!/com/aventstack/extentreports/view/v3html/dashboard-view/v3-html-dashboard-view.ftl"
2020-11-20 18:36:10 DEBUG cache:45 - Couldn't find template in cache for "v3html/logs-view/v3-html-testrunner-logs-view.ftl"("en", UTF-8, parsed); will try to load it.
2020-11-20 18:36:10 DEBUG cache:45 - TemplateLoader.findTemplateSource("v3html/logs-view/v3-html-testrunner-logs-view_en.ftl"): Not found
2020-11-20 18:36:10 DEBUG cache:45 - TemplateLoader.findTemplateSource("v3html/logs-view/v3-html-testrunner-logs-view.ftl"): Found
2020-11-20 18:36:10 DEBUG cache:45 - Loading template for "v3html/logs-view/v3-html-testrunner-logs-view.ftl"("en", UTF-8, parsed) from "jar:file:/C:/Users/Amaze%20Inc%20Lap%2003/.m2/repository/com/aventstack/extentreports/4.0.9/extentreports-4.0.9.jar!/com/aventstack/extentreports/view/v3html/logs-view/v3-html-testrunner-logs-view.ftl"
2020-11-20 18:53:53 DEBUG cache:45 - Couldn't find template in cache for "v3html/v3-html-index.ftl"("en", UTF-8, parsed); will try to load it.
2020-11-20 18:53:53 DEBUG cache:45 - TemplateLoader.findTemplateSource("v3html/v3-html-index_en.ftl"): Not found
2020-11-20 18:53:53 DEBUG cache:45 - TemplateLoader.findTemplateSource("v3html/v3-html-index.ftl"): Found
2020-11-20 18:53:53 DEBUG cache:45 - Loading template for "v3html/v3-html-index.ftl"("en", UTF-8, parsed) from "jar:file:/C:/Users/Amaze%20Inc%20Lap%2003/.m2/repository/com/aventstack/extentreports/4.0.9/extentreports-4.0.9.jar!/com/aventstack/extentreports/view/v3html/v3-html-index.ftl"
2020-11-20 18:53:54 DEBUG cache:45 - Couldn't find template in cache for "v3html/v3-html-head.ftl"("en", UTF-8, parsed); will try to load it.
2020-11-20 18:53:54 DEBUG cache:45 - TemplateLoader.findTemplateSource("v3html/v3-html-head_en.ftl"): Not found
2020-11-20 18:53:54 DEBUG cache:45 - TemplateLoader.findTemplateSource("v3html/v3-html-head.ftl"): Found
2020-11-20 18:53:54 DEBUG cache:45 - Loading template for "v3html/v3-html-head.ftl"("en", UTF-8, parsed) from "jar:file:/C:/Users/Amaze%20Inc%20Lap%2003/.m2/repository/com/aventstack/extentreports/4.0.9/extentreports-4.0.9.jar!/com/aventstack/extentreports/view/v3html/v3-html-head.ftl"
2020-11-20 18:53:54 DEBUG cache:45 - Couldn't find template in cache for "v3html/v3-html-nav.ftl"("en", UTF-8, parsed); will try to load it.
2020-11-20 18:53:54 DEBUG cache:45 - TemplateLoader.findTemplateSource("v3html/v3-html-nav_en.ftl"): Not found
2020-11-20 18:53:54 DEBUG cache:45 - TemplateLoader.findTemplateSource("v3html/v3-html-nav.ftl"): Found
2020-11-20 18:53:54 DEBUG cache:45 - Loading template for "v3html/v3-html-nav.ftl"("en", UTF-8, parsed) from "jar:file:/C:/Users/Amaze%20Inc%20Lap%2003/.m2/repository/com/aventstack/extentreports/4.0.9/extentreports-4.0.9.jar!/com/aventstack/extentreports/view/v3html/v3-html-nav.ftl"
2020-11-20 18:53:54 DEBUG cache:45 - Couldn't find template in cache for "v3html/test-view/v3-html-test-view.ftl"("en", UTF-8, parsed); will try to load it.
2020-11-20 18:53:54 DEBUG cache:45 - TemplateLoader.findTemplateSource("v3html/test-view/v3-html-test-view_en.ftl"): Not found
2020-11-20 18:53:54 DEBUG cache:45 - TemplateLoader.findTemplateSource("v3html/test-view/v3-html-test-view.ftl"): Found
2020-11-20 18:53:54 DEBUG cache:45 - Loading template for "v3html/test-view/v3-html-test-view.ftl"("en", UTF-8, parsed) from "jar:file:/C:/Users/Amaze%20Inc%20Lap%2003/.m2/repository/com/aventstack/extentreports/4.0.9/extentreports-4.0.9.jar!/com/aventstack/extentreports/view/v3html/test-view/v3-html-test-view.ftl"
2020-11-20 18:53:54 DEBUG cache:45 - Couldn't find template in cache for "v3html/test-view/v3-html-test-view-charts.ftl"("en", UTF-8, parsed); will try to load it.
2020-11-20 18:53:54 DEBUG cache:45 - TemplateLoader.findTemplateSource("v3html/test-view/v3-html-test-view-charts_en.ftl"): Not found
2020-11-20 18:53:54 DEBUG cache:45 - TemplateLoader.findTemplateSource("v3html/test-view/v3-html-test-view-charts.ftl"): Found
2020-11-20 18:53:54 DEBUG cache:45 - Loading template for "v3html/test-view/v3-html-test-view-charts.ftl"("en", UTF-8, parsed) from "jar:file:/C:/Users/Amaze%20Inc%20Lap%2003/.m2/repository/com/aventstack/extentreports/4.0.9/extentreports-4.0.9.jar!/com/aventstack/extentreports/view/v3html/test-view/v3-html-test-view-charts.ftl"
2020-11-20 18:53:54 DEBUG cache:45 - Couldn't find template in cache for "v3html/test-view/v3-html-standard.ftl"("en", UTF-8, parsed); will try to load it.
2020-11-20 18:53:54 DEBUG cache:45 - TemplateLoader.findTemplateSource("v3html/test-view/v3-html-standard_en.ftl"): Not found
2020-11-20 18:53:54 DEBUG cache:45 - TemplateLoader.findTemplateSource("v3html/test-view/v3-html-standard.ftl"): Found
2020-11-20 18:53:54 DEBUG cache:45 - Loading template for "v3html/test-view/v3-html-standard.ftl"("en", UTF-8, parsed) from "jar:file:/C:/Users/Amaze%20Inc%20Lap%2003/.m2/repository/com/aventstack/extentreports/4.0.9/extentreports-4.0.9.jar!/com/aventstack/extentreports/view/v3html/test-view/v3-html-standard.ftl"
2020-11-20 18:53:54 DEBUG cache:45 - Couldn't find template in cache for "v3html/category-view/v3-html-category-view.ftl"("en", UTF-8, parsed); will try to load it.
2020-11-20 18:53:54 DEBUG cache:45 - TemplateLoader.findTemplateSource("v3html/category-view/v3-html-category-view_en.ftl"): Not found
2020-11-20 18:53:54 DEBUG cache:45 - TemplateLoader.findTemplateSource("v3html/category-view/v3-html-category-view.ftl"): Found
2020-11-20 18:53:54 DEBUG cache:45 - Loading template for "v3html/category-view/v3-html-category-view.ftl"("en", UTF-8, parsed) from "jar:file:/C:/Users/Amaze%20Inc%20Lap%2003/.m2/repository/com/aventstack/extentreports/4.0.9/extentreports-4.0.9.jar!/com/aventstack/extentreports/view/v3html/category-view/v3-html-category-view.ftl"
2020-11-20 18:53:54 DEBUG cache:45 - Couldn't find template in cache for "v3html/exception-view/v3-html-exception-view.ftl"("en", UTF-8, parsed); will try to load it.
2020-11-20 18:53:54 DEBUG cache:45 - TemplateLoader.findTemplateSource("v3html/exception-view/v3-html-exception-view_en.ftl"): Not found
2020-11-20 18:53:54 DEBUG cache:45 - TemplateLoader.findTemplateSource("v3html/exception-view/v3-html-exception-view.ftl"): Found
2020-11-20 18:53:54 DEBUG cache:45 - Loading template for "v3html/exception-view/v3-html-exception-view.ftl"("en", UTF-8, parsed) from "jar:file:/C:/Users/Amaze%20Inc%20Lap%2003/.m2/repository/com/aventstack/extentreports/4.0.9/extentreports-4.0.9.jar!/com/aventstack/extentreports/view/v3html/exception-view/v3-html-exception-view.ftl"
2020-11-20 18:53:54 DEBUG cache:45 - Couldn't find template in cache for "v3html/author-view/v3-html-author-view.ftl"("en", UTF-8, parsed); will try to load it.
2020-11-20 18:53:54 DEBUG cache:45 - TemplateLoader.findTemplateSource("v3html/author-view/v3-html-author-view_en.ftl"): Not found
2020-11-20 18:53:54 DEBUG cache:45 - TemplateLoader.findTemplateSource("v3html/author-view/v3-html-author-view.ftl"): Found
2020-11-20 18:53:54 DEBUG cache:45 - Loading template for "v3html/author-view/v3-html-author-view.ftl"("en", UTF-8, parsed) from "jar:file:/C:/Users/Amaze%20Inc%20Lap%2003/.m2/repository/com/aventstack/extentreports/4.0.9/extentreports-4.0.9.jar!/com/aventstack/extentreports/view/v3html/author-view/v3-html-author-view.ftl"
2020-11-20 18:53:54 DEBUG cache:45 - Couldn't find template in cache for "v3html/dashboard-view/v3-html-dashboard-view.ftl"("en", UTF-8, parsed); will try to load it.
2020-11-20 18:53:54 DEBUG cache:45 - TemplateLoader.findTemplateSource("v3html/dashboard-view/v3-html-dashboard-view_en.ftl"): Not found
2020-11-20 18:53:54 DEBUG cache:45 - TemplateLoader.findTemplateSource("v3html/dashboard-view/v3-html-dashboard-view.ftl"): Found
2020-11-20 18:53:54 DEBUG cache:45 - Loading template for "v3html/dashboard-view/v3-html-dashboard-view.ftl"("en", UTF-8, parsed) from "jar:file:/C:/Users/Amaze%20Inc%20Lap%2003/.m2/repository/com/aventstack/extentreports/4.0.9/extentreports-4.0.9.jar!/com/aventstack/extentreports/view/v3html/dashboard-view/v3-html-dashboard-view.ftl"
2020-11-20 18:53:54 DEBUG cache:45 - Couldn't find template in cache for "v3html/logs-view/v3-html-testrunner-logs-view.ftl"("en", UTF-8, parsed); will try to load it.
2020-11-20 18:53:54 DEBUG cache:45 - TemplateLoader.findTemplateSource("v3html/logs-view/v3-html-testrunner-logs-view_en.ftl"): Not found
2020-11-20 18:53:54 DEBUG cache:45 - TemplateLoader.findTemplateSource("v3html/logs-view/v3-html-testrunner-logs-view.ftl"): Found
2020-11-20 18:53:54 DEBUG cache:45 - Loading template for "v3html/logs-view/v3-html-testrunner-logs-view.ftl"("en", UTF-8, parsed) from "jar:file:/C:/Users/Amaze%20Inc%20Lap%2003/.m2/repository/com/aventstack/extentreports/4.0.9/extentreports-4.0.9.jar!/com/aventstack/extentreports/view/v3html/logs-view/v3-html-testrunner-logs-view.ftl"
2020-11-21 13:43:04 INFO  Log:11 - =====================================property TEST START=========================================
2020-11-21 13:43:16 INFO  Log:15 - =====================================property  TEST END=========================================
2020-11-21 13:43:27 INFO  Log:11 - =====================================propertyactions TEST START=========================================
2020-11-21 13:44:08 INFO  Log:11 - =====================================casasemployees TEST START=========================================
2020-11-21 13:44:34 INFO  Log:11 - =====================================projectteam TEST START=========================================
2020-11-21 13:46:27 INFO  Log:15 - =====================================projectteam  TEST END=========================================
2020-11-21 13:46:37 INFO  Log:11 - =====================================stagemaster TEST START=========================================
2020-11-23 11:56:10 INFO  Log:11 - =====================================property TEST START=========================================
2020-11-23 11:57:46 INFO  Log:11 - =====================================property TEST START=========================================
2020-11-23 12:02:02 INFO  Log:11 - =====================================property TEST START=========================================
2020-11-23 12:11:20 INFO  Log:11 - =====================================property TEST START=========================================
2020-11-23 12:13:36 INFO  Log:11 - =====================================property TEST START=========================================
2020-11-23 12:13:58 INFO  Log:15 - =====================================property  TEST END=========================================
2020-11-23 12:17:38 INFO  Log:11 - =====================================property TEST START=========================================
2020-11-23 12:17:59 INFO  Log:15 - =====================================property  TEST END=========================================
2020-11-23 16:22:58 INFO  Log:11 - =====================================Announcement TEST START=========================================
2020-11-23 16:25:32 INFO  Log:11 - =====================================Announcement TEST START=========================================
2020-11-23 16:30:44 INFO  Log:11 - =====================================Announcement TEST START=========================================
2020-11-23 16:46:45 INFO  Log:11 - =====================================LocatorRequest TEST START=========================================
2020-11-23 16:48:37 INFO  Log:11 - =====================================LocatorRequest TEST START=========================================
2020-11-23 16:50:55 INFO  Log:11 - =====================================LocatorRequest TEST START=========================================
2020-11-23 16:54:44 INFO  Log:11 - =====================================LocatorRequest TEST START=========================================
2020-11-23 17:02:04 INFO  Log:11 - =====================================LocatorRequest TEST START=========================================
2020-11-23 17:03:25 INFO  Log:11 - =====================================LocatorRequest TEST START=========================================
2020-11-23 17:06:07 INFO  Log:11 - =====================================LocatorRequest TEST START=========================================
2020-11-23 17:06:23 INFO  Log:15 - =====================================LocatorRequest  TEST END=========================================
2020-11-23 17:09:39 INFO  Log:11 - =====================================Announcement TEST START=========================================
2020-11-23 17:11:56 INFO  Log:11 - =====================================Announcement TEST START=========================================
2020-11-23 17:12:52 INFO  Log:11 - =====================================Announcement TEST START=========================================
2020-11-23 17:16:25 INFO  Log:11 - =====================================Announcement TEST START=========================================
2020-11-23 17:18:32 INFO  Log:11 - =====================================Announcement TEST START=========================================
2020-11-23 17:21:03 INFO  Log:11 - =====================================Announcement TEST START=========================================
2020-11-23 17:22:44 INFO  Log:11 - =====================================Announcement TEST START=========================================
2020-11-23 17:37:06 INFO  Log:11 - =====================================Login TEST START=========================================
2020-11-23 17:37:09 INFO  Log:15 - =====================================Login TEST END=========================================
2020-11-23 17:38:47 INFO  Log:11 - =====================================property TEST START=========================================
2020-11-23 17:39:11 INFO  Log:15 - =====================================property  TEST END=========================================
2020-11-23 17:40:53 INFO  Log:11 - =====================================property TEST START=========================================
2020-11-23 17:41:14 INFO  Log:15 - =====================================property  TEST END=========================================
2020-11-23 17:49:11 INFO  Log:11 - =====================================property TEST START=========================================
2020-11-23 17:49:33 INFO  Log:15 - =====================================property  TEST END=========================================
2020-11-23 17:50:24 INFO  Log:11 - =====================================property TEST START=========================================
2020-11-23 17:50:50 INFO  Log:15 - =====================================property  TEST END=========================================
2020-11-23 17:52:45 INFO  Log:11 - =====================================property TEST START=========================================
2020-11-23 17:53:12 INFO  Log:15 - =====================================property  TEST END=========================================
2020-11-23 17:55:34 INFO  Log:11 - =====================================property TEST START=========================================
2020-11-23 17:56:03 INFO  Log:15 - =====================================property  TEST END=========================================
2020-11-23 17:56:57 INFO  Log:11 - =====================================propertyactions TEST START=========================================
2020-11-23 17:58:54 INFO  Log:11 - =====================================propertyactions TEST START=========================================
2020-11-23 17:59:45 INFO  Log:11 - =====================================propertyactions TEST START=========================================
2020-11-23 18:01:19 INFO  Log:11 - =====================================propertyactions TEST START=========================================
2020-11-23 18:02:53 INFO  Log:11 - =====================================propertyactions TEST START=========================================
2020-11-23 18:07:30 INFO  Log:11 - =====================================propertyactions TEST START=========================================
2020-11-23 18:09:28 INFO  Log:11 - =====================================propertyactions TEST START=========================================
2020-11-23 18:18:22 INFO  Log:11 - =====================================propertyactions TEST START=========================================
2020-11-23 18:22:59 INFO  Log:11 - =====================================propertyactions TEST START=========================================
2020-11-23 18:24:56 INFO  Log:11 - =====================================propertyactions TEST START=========================================
2020-11-23 18:25:21 INFO  Log:15 - =====================================propertyactions TEST END=========================================
2020-11-23 18:26:57 INFO  Log:11 - =====================================casasemployees TEST START=========================================
2020-11-23 18:27:50 INFO  Log:11 - =====================================casasemployees TEST START=========================================
2020-11-23 18:34:04 INFO  Log:11 - =====================================casasemployees TEST START=========================================
2020-11-23 18:35:01 INFO  Log:11 - =====================================casasemployees TEST START=========================================
2020-11-23 18:37:59 INFO  Log:11 - =====================================casasemployees TEST START=========================================
2020-11-23 18:43:33 INFO  Log:11 - =====================================casasemployees TEST START=========================================
2020-11-23 18:45:44 INFO  Log:11 - =====================================casasemployees TEST START=========================================
2020-11-23 18:49:46 INFO  Log:11 - =====================================casasemployees TEST START=========================================
2020-11-23 18:51:26 INFO  Log:11 - =====================================casasemployees TEST START=========================================
2020-11-23 18:53:45 INFO  Log:11 - =====================================casasemployees TEST START=========================================
2020-11-23 18:56:16 INFO  Log:11 - =====================================casasemployees TEST START=========================================
2020-11-23 18:59:29 INFO  Log:11 - =====================================casasemployees TEST START=========================================
2020-11-23 19:02:32 INFO  Log:11 - =====================================casasemployees TEST START=========================================
2020-11-23 19:05:30 INFO  Log:11 - =====================================casasemployees TEST START=========================================
2020-11-23 19:07:54 INFO  Log:11 - =====================================casasemployees TEST START=========================================
2020-11-23 19:09:44 INFO  Log:11 - =====================================casasemployees TEST START=========================================
2020-11-23 19:12:49 INFO  Log:11 - =====================================casasemployees TEST START=========================================
2020-11-23 19:15:21 INFO  Log:11 - =====================================casasemployees TEST START=========================================
2020-11-23 19:17:39 INFO  Log:11 - =====================================casasemployees TEST START=========================================
2020-11-23 19:22:30 INFO  Log:11 - =====================================casasemployees TEST START=========================================
2020-11-23 19:24:32 INFO  Log:11 - =====================================casasemployees TEST START=========================================
2020-11-23 19:27:09 INFO  Log:11 - =====================================casasemployees TEST START=========================================
2020-11-23 19:29:55 INFO  Log:11 - =====================================casasemployees TEST START=========================================
2020-11-24 10:06:56 INFO  Log:11 - =====================================Announcement TEST START=========================================
2020-11-24 10:33:05 INFO  Log:11 - =====================================Announcement TEST START=========================================
2020-11-24 10:33:44 INFO  Log:15 - =====================================Announcement TEST END=========================================
2020-11-24 10:38:17 INFO  Log:11 - =====================================projectteam TEST START=========================================
2020-11-24 10:43:38 INFO  Log:11 - =====================================projectteam TEST START=========================================
2020-11-24 10:45:40 INFO  Log:15 - =====================================projectteam  TEST END=========================================
2020-11-24 10:47:08 INFO  Log:11 - =====================================budgetdashboard TEST START=========================================
2020-11-24 10:47:11 INFO  Log:22 - login is successful
2020-11-24 10:47:34 INFO  Log:15 - =====================================budget db  TEST END=========================================
2020-11-24 10:49:41 INFO  Log:11 - =====================================project timeline TEST START=========================================
2020-11-24 10:53:22 INFO  Log:11 - =====================================project timeline TEST START=========================================
2020-11-24 10:56:26 INFO  Log:11 - =====================================project timeline TEST START=========================================
2020-11-24 11:04:38 INFO  Log:11 - =====================================project timeline TEST START=========================================
2020-11-24 11:12:52 INFO  Log:11 - =====================================project timeline TEST START=========================================
2020-11-24 11:17:49 INFO  Log:11 - =====================================projectactivity TEST START=========================================
2020-11-24 11:19:00 INFO  Log:11 - =====================================projectactivity TEST START=========================================
2020-11-24 11:22:00 INFO  Log:15 - =====================================projectactivity TEST END=========================================
2020-11-24 11:23:02 INFO  Log:11 - =====================================sitevisit TEST START=========================================
2020-11-24 11:29:24 INFO  Log:11 - =====================================sitevisit TEST START=========================================
2020-11-24 11:31:11 INFO  Log:11 - =====================================sitevisit TEST START=========================================
2020-11-24 11:34:11 INFO  Log:15 - =====================================sitevisit TEST END=========================================
2020-11-24 11:36:39 INFO  Log:11 - =====================================property TEST START=========================================
2020-11-24 11:38:43 INFO  Log:11 - =====================================property TEST START=========================================
2020-11-24 11:42:58 INFO  Log:11 - =====================================property TEST START=========================================
2020-11-24 11:44:40 INFO  Log:11 - =====================================property TEST START=========================================
2020-11-24 11:45:56 INFO  Log:11 - =====================================property TEST START=========================================
2020-11-24 11:49:08 INFO  Log:11 - =====================================property TEST START=========================================
2020-11-24 11:55:31 INFO  Log:11 - =====================================LocatorRequest TEST START=========================================
2020-11-24 12:01:07 INFO  Log:11 - =====================================LocatorRequest TEST START=========================================
2020-11-24 12:02:30 INFO  Log:11 - =====================================LocatorRequest TEST START=========================================
2020-11-24 12:02:46 INFO  Log:15 - =====================================LocatorRequest  TEST END=========================================
2020-11-24 12:42:40 INFO  Log:11 - =====================================labour expence TEST START=========================================
2020-11-24 12:44:12 INFO  Log:11 - =====================================labour expence TEST START=========================================
2020-11-24 12:45:10 INFO  Log:11 - =====================================labour expence TEST START=========================================
2020-11-24 12:45:20 INFO  Log:15 - =====================================labour expence  TEST END=========================================
2020-11-24 12:48:07 INFO  Log:11 - =====================================labour expence TEST START=========================================
2020-11-24 12:50:36 INFO  Log:11 - =====================================material expence TEST START=========================================
2020-11-24 12:52:41 INFO  Log:11 - =====================================material expence TEST START=========================================
2020-11-24 12:54:31 INFO  Log:11 - =====================================labour expence TEST START=========================================
2020-11-24 12:55:26 INFO  Log:15 - =====================================labour expence  TEST END=========================================
2020-11-24 12:56:08 INFO  Log:11 - =====================================labour expence TEST START=========================================
2020-11-24 12:58:15 INFO  Log:11 - =====================================Assets TEST START=========================================
2020-11-24 12:59:20 INFO  Log:15 - =====================================Assets TEST END=========================================
2020-11-24 13:00:51 INFO  Log:11 - =====================================Assets TEST START=========================================
2020-11-24 13:01:35 INFO  Log:15 - =====================================Assets TEST END=========================================
2020-11-24 13:08:55 INFO  Log:11 - =====================================Assets TEST START=========================================
2020-11-24 13:09:39 INFO  Log:15 - =====================================Assets TEST END=========================================
2020-11-24 14:04:30 INFO  Log:11 - =====================================Assets TEST START=========================================
2020-11-24 14:05:16 INFO  Log:15 - =====================================Assets TEST END=========================================
2020-11-24 14:06:45 INFO  Log:11 - =====================================Assets TEST START=========================================
2020-11-24 14:07:35 INFO  Log:15 - =====================================Assets TEST END=========================================
2020-11-24 14:12:05 INFO  Log:11 - =====================================Assets TEST START=========================================
2020-11-24 14:17:19 INFO  Log:11 - =====================================Assets TEST START=========================================
2020-11-24 14:20:45 INFO  Log:11 - =====================================Assets TEST START=========================================
2020-11-24 14:24:02 INFO  Log:11 - =====================================Assets TEST START=========================================
2020-11-24 14:24:22 INFO  Log:11 - =====================================Assets TEST START=========================================
2020-11-24 14:25:20 INFO  Log:15 - =====================================Assets TEST END=========================================
2020-11-24 14:28:31 INFO  Log:11 - =====================================communication TEST START=========================================
2020-11-24 14:30:55 INFO  Log:11 - =====================================communication TEST START=========================================
2020-11-24 14:33:26 INFO  Log:11 - =====================================communication TEST START=========================================
2020-11-24 14:37:55 INFO  Log:11 - =====================================communication TEST START=========================================
2020-11-24 14:38:16 INFO  Log:11 - =====================================communication TEST START=========================================
2020-11-24 14:39:37 INFO  Log:11 - =====================================communication TEST START=========================================
2020-11-24 14:43:21 INFO  Log:11 - =====================================communication TEST START=========================================
2020-11-24 14:46:41 INFO  Log:11 - =====================================communication TEST START=========================================
2020-11-24 14:47:04 INFO  Log:11 - =====================================communication TEST START=========================================
2020-11-24 14:51:39 INFO  Log:11 - =====================================communication TEST START=========================================
2020-11-24 14:56:10 INFO  Log:11 - =====================================communication TEST START=========================================
2020-11-24 14:58:13 INFO  Log:11 - =====================================communication TEST START=========================================
2020-11-24 15:04:45 INFO  Log:11 - =====================================communication TEST START=========================================
2020-11-24 15:08:39 INFO  Log:11 - =====================================communication TEST START=========================================
2020-11-24 15:14:55 INFO  Log:11 - =====================================communication TEST START=========================================
2020-11-24 15:16:47 INFO  Log:11 - =====================================communication TEST START=========================================
2020-11-24 15:19:51 INFO  Log:11 - =====================================communication TEST START=========================================
2020-11-24 15:23:03 INFO  Log:11 - =====================================communication TEST START=========================================
2020-11-24 15:26:29 INFO  Log:11 - =====================================communication TEST START=========================================
2020-11-24 15:27:44 INFO  Log:15 - =====================================communication  TEST END=========================================
2020-11-24 15:29:28 INFO  Log:11 - =====================================meeting TEST START=========================================
2020-11-24 15:31:47 INFO  Log:11 - =====================================meeting TEST START=========================================
2020-11-24 15:36:45 INFO  Log:11 - =====================================meeting TEST START=========================================
2020-11-24 15:37:02 INFO  Log:15 - =====================================meeting TEST END=========================================
2020-11-24 15:41:24 INFO  Log:11 - =====================================client contacts TEST START=========================================
2020-11-24 15:43:50 INFO  Log:11 - =====================================client contacts TEST START=========================================
2020-11-24 15:45:23 INFO  Log:11 - =====================================client contacts TEST START=========================================
2020-11-24 15:49:44 INFO  Log:11 - =====================================client contacts TEST START=========================================
2020-11-24 15:50:20 INFO  Log:15 - =====================================client contacts  TEST END=========================================
2020-11-24 15:51:36 INFO  Log:11 - =====================================staffleaves TEST START=========================================
2020-11-24 15:52:00 INFO  Log:15 - =====================================staffleaves TEST END=========================================
